<?xml version="1.0" encoding="UTF-8"?>
<!-- Generated by org.testng.reporters.JUnitXMLReporter -->
<testsuite hostname="ICPL12776" ignored="1" name="BDD Test" tests="2" failures="0" timestamp="02 Apr 2018 08:52:51 GMT" time="37.339" errors="0">
  <testcase name="testOrbitz" time="23.893" classname="com.qmetry.qaf.automation.step.client.DataDrivenScenario"/>
  <testcase name="testOrbitz" time="13.284" classname="com.qmetry.qaf.automation.step.client.DataDrivenScenario"/>
  <testcase name="testOrbitz" time="0.0" classname="com.qmetry.qaf.automation.step.client.DataDrivenScenario">
    <ignored/>
  </testcase> <!-- testOrbitz -->
</testsuite> <!-- BDD Test -->
