<?xml version="1.0" encoding="UTF-8"?>
<!-- Generated by org.testng.reporters.JUnitXMLReporter -->
<testsuite hostname="ICPL12776" ignored="1" name="BDD Test" tests="2" failures="0" timestamp="02 Apr 2018 09:04:35 GMT" time="42.306" errors="0">
  <testcase name="testOrbitz" time="26.601" classname="com.qmetry.qaf.automation.step.client.DataDrivenScenario"/>
  <testcase name="testOrbitz" time="15.523" classname="com.qmetry.qaf.automation.step.client.DataDrivenScenario"/>
  <testcase name="testOrbitz" time="0.0" classname="com.qmetry.qaf.automation.step.client.DataDrivenScenario">
    <ignored/>
  </testcase> <!-- testOrbitz -->
</testsuite> <!-- BDD Test -->
