<?xml version="1.0" encoding="UTF-8"?>
<!-- Generated by org.testng.reporters.JUnitXMLReporter -->
<testsuite hostname="ICPL12776" ignored="0" name="Code Driven Test" tests="1" failures="1" timestamp="02 Apr 2018 04:54:30 GMT" time="24.283" errors="0">
  <testcase name="executionFlightsPage" time="23.118" classname="com.orbitz.tests.FlightsPageTestCase_101">
    <failure type="java.lang.NullPointerException">
      <![CDATA[java.lang.NullPointerException
	at org.openqa.selenium.remote.RemoteWebElement.findElement(RemoteWebElement.java:201)
	at org.openqa.selenium.remote.RemoteWebElement.findElementByXPath(RemoteWebElement.java:295)
	at org.openqa.selenium.By$ByXPath.findElement(By.java:361)
	at org.openqa.selenium.remote.RemoteWebElement.findElement(RemoteWebElement.java:194)
	at com.qmetry.qaf.automation.ui.webdriver.QAFExtendedWebElement.findElement(QAFExtendedWebElement.java:409)
	at com.qmetry.qaf.automation.ui.webdriver.QAFExtendedWebElement.load(QAFExtendedWebElement.java:286)
	at com.qmetry.qaf.automation.ui.webdriver.QAFExtendedWebElement.execute(QAFExtendedWebElement.java:239)
	at org.openqa.selenium.remote.RemoteWebElement.getText(RemoteWebElement.java:179)
	at com.orbitz.pages.SearchResultsFlightsPage.selectFlightByIndex(SearchResultsFlightsPage.java:90)
	at com.orbitz.tests.FlightsPageTestCase_101.executionFlightsPage(FlightsPageTestCase_101.java:27)
... Removed 25 stack frames]]>
    </failure>
  </testcase> <!-- executionFlightsPage -->
</testsuite> <!-- Code Driven Test -->
