<?xml version="1.0" encoding="UTF-8"?>
<testng-results skipped="0" failed="0" ignored="0" total="1" passed="1">
  <reporter-output>
    <line>
      <![CDATA[<div style="display:block;margin-left:10px;"><div  class="info"><span class="info-label">I </span>Browser Opened</div><div  class="info"><span class="info-label">I </span>Clicked on FlightsOnly</div><div  class="info"><span class="info-label">I </span>Clicked On Oneway</div><div  class="info"><span class="info-label">I </span>Selected Date</div><div  class="info"><span class="info-label">I </span>Clicked on Search</div><div  class="pass"><span class="pass-label">P </span>
Expected: &lt;true&gt;
     Actual: was &lt;true&gt;</div><div  class="pass"><span class="pass-label">P </span>
Expected: a string containing "Vistara"
     Actual: was "Vistara"</div></div>]]>
    </line>
  </reporter-output>
  <suite name="Default suite" duration-ms="57393" started-at="2018-04-05T08:51:57Z" finished-at="2018-04-05T08:52:54Z">
    <groups>
    </groups>
    <test name="Default test" duration-ms="57393" started-at="2018-04-05T08:51:57Z" finished-at="2018-04-05T08:52:54Z">
      <class name="com.orbitz.tests.FlightsPageTestCase_101">
        <test-method status="PASS" signature="setupSuit(org.testng.ITestContext)[pri:0, instance:com.orbitz.tests.FlightsPageTestCase_101@229d10bd]" name="setupSuit" is-config="true" duration-ms="16" started-at="2018-04-05T14:21:57Z" finished-at="2018-04-05T14:21:57Z">
          <params>
            <param index="0">
              <value>
                <![CDATA[org.testng.TestRunner@2a4fb17b]]>
              </value>
            </param>
          </params>
          <reporter-output>
          </reporter-output>
        </test-method> <!-- setupSuit -->
        <test-method status="PASS" signature="setupTest(org.testng.ITestContext)[pri:0, instance:com.orbitz.tests.FlightsPageTestCase_101@229d10bd]" name="setupTest" is-config="true" duration-ms="0" started-at="2018-04-05T14:21:57Z" finished-at="2018-04-05T14:21:57Z">
          <params>
            <param index="0">
              <value>
                <![CDATA[org.testng.TestRunner@2a4fb17b]]>
              </value>
            </param>
          </params>
          <reporter-output>
          </reporter-output>
        </test-method> <!-- setupTest -->
        <test-method status="PASS" signature="setup(org.testng.ITestContext)[pri:0, instance:com.orbitz.tests.FlightsPageTestCase_101@229d10bd]" name="setup" is-config="true" duration-ms="0" started-at="2018-04-05T14:21:57Z" finished-at="2018-04-05T14:21:57Z">
          <params>
            <param index="0">
              <value>
                <![CDATA[org.testng.TestRunner@2a4fb17b]]>
              </value>
            </param>
          </params>
          <reporter-output>
          </reporter-output>
        </test-method> <!-- setup -->
        <test-method status="PASS" signature="executionFlightsPage(java.util.Map)[pri:0, instance:com.orbitz.tests.FlightsPageTestCase_101@229d10bd]" name="executionFlightsPage" duration-ms="57233" started-at="2018-04-05T14:21:57Z" finished-at="2018-04-05T14:22:54Z">
          <params>
            <param index="0">
              <value>
                <![CDATA[{destination=Delhi India (DEL-Indira Gandhi Intl., source=Pune India (PNQ-Lohegaon}]]>
              </value>
            </param>
          </params>
          <reporter-output>
            <line>
              <![CDATA[<div style="display:block;margin-left:10px;"><div  class="info"><span class="info-label">I </span>Browser Opened</div><div  class="info"><span class="info-label">I </span>Clicked on FlightsOnly</div><div  class="info"><span class="info-label">I </span>Clicked On Oneway</div><div  class="info"><span class="info-label">I </span>Selected Date</div><div  class="info"><span class="info-label">I </span>Clicked on Search</div><div  class="pass"><span class="pass-label">P </span>
Expected: &lt;true&gt;
     Actual: was &lt;true&gt;</div><div  class="pass"><span class="pass-label">P </span>
Expected: a string containing "Vistara"
     Actual: was "Vistara"</div></div>]]>
            </line>
          </reporter-output>
        </test-method> <!-- executionFlightsPage -->
        <test-method status="PASS" signature="setupMethod(java.lang.reflect.Method, org.testng.ITestContext)[pri:0, instance:com.orbitz.tests.FlightsPageTestCase_101@229d10bd]" name="setupMethod" is-config="true" duration-ms="0" started-at="2018-04-05T14:21:57Z" finished-at="2018-04-05T14:21:57Z">
          <params>
            <param index="0">
              <value>
                <![CDATA[public void com.orbitz.tests.FlightsPageTestCase_101.executionFlightsPage(java.util.Map) throws java.lang.Exception]]>
              </value>
            </param>
            <param index="1">
              <value>
                <![CDATA[org.testng.TestRunner@2a4fb17b]]>
              </value>
            </param>
          </params>
          <reporter-output>
          </reporter-output>
        </test-method> <!-- setupMethod -->
        <test-method status="PASS" signature="afterMethod(org.testng.ITestContext, org.testng.ITestResult)[pri:0, instance:com.orbitz.tests.FlightsPageTestCase_101@229d10bd]" name="afterMethod" is-config="true" duration-ms="2" started-at="2018-04-05T14:22:54Z" finished-at="2018-04-05T14:22:54Z">
          <params>
            <param index="0">
              <value>
                <![CDATA[org.testng.TestRunner@2a4fb17b]]>
              </value>
            </param>
            <param index="1">
              <value>
                <![CDATA[[TestResult name=executionFlightsPage status=SUCCESS method=FlightsPageTestCase_101.executionFlightsPage(java.util.Map)[pri:0, instance:com.orbitz.tests.FlightsPageTestCase_101@229d10bd] output=<div style="display:block;margin-left:10px;"><div  class="info"><span class="info-label">I </span>Browser Opened</div><div  class="info"><span class="info-label">I </span>Clicked on FlightsOnly</div><div  class="info"><span class="info-label">I </span>Clicked On Oneway</div><div  class="info"><span class="info-label">I </span>Selected Date</div><div  class="info"><span class="info-label">I </span>Clicked on Search</div><div  class="pass"><span class="pass-label">P </span>
Expected: &lt;true&gt;
     Actual: was &lt;true&gt;</div><div  class="pass"><span class="pass-label">P </span>
Expected: a string containing "Vistara"
     Actual: was "Vistara"</div></div>]]]>
              </value>
            </param>
          </params>
          <reporter-output>
          </reporter-output>
        </test-method> <!-- afterMethod -->
        <test-method status="PASS" signature="afterClass(org.testng.ITestContext)[pri:0, instance:com.orbitz.tests.FlightsPageTestCase_101@229d10bd]" name="afterClass" is-config="true" duration-ms="0" started-at="2018-04-05T14:22:54Z" finished-at="2018-04-05T14:22:54Z">
          <params>
            <param index="0">
              <value>
                <![CDATA[org.testng.TestRunner@2a4fb17b]]>
              </value>
            </param>
          </params>
          <reporter-output>
          </reporter-output>
        </test-method> <!-- afterClass -->
        <test-method status="PASS" signature="afterTest(org.testng.ITestContext)[pri:0, instance:com.orbitz.tests.FlightsPageTestCase_101@229d10bd]" name="afterTest" is-config="true" duration-ms="100" started-at="2018-04-05T14:22:54Z" finished-at="2018-04-05T14:22:54Z">
          <params>
            <param index="0">
              <value>
                <![CDATA[org.testng.TestRunner@2a4fb17b]]>
              </value>
            </param>
          </params>
          <reporter-output>
          </reporter-output>
        </test-method> <!-- afterTest -->
        <test-method status="PASS" signature="afterSuit(org.testng.ITestContext)[pri:0, instance:com.orbitz.tests.FlightsPageTestCase_101@229d10bd]" name="afterSuit" is-config="true" duration-ms="0" started-at="2018-04-05T14:22:54Z" finished-at="2018-04-05T14:22:54Z">
          <params>
            <param index="0">
              <value>
                <![CDATA[org.testng.TestRunner@2a4fb17b]]>
              </value>
            </param>
          </params>
          <reporter-output>
          </reporter-output>
        </test-method> <!-- afterSuit -->
      </class> <!-- com.orbitz.tests.FlightsPageTestCase_101 -->
    </test> <!-- Default test -->
  </suite> <!-- Default suite -->
</testng-results>
